<?xml version="1.0" encoding="UTF-8"?>
<testng-results skipped="0" failed="0" ignored="0" total="0" passed="0">
  <reporter-output>
  </reporter-output>
  <suite name="com.AppiumTestNGHybridFramework.AppTest" duration-ms="19" started-at="2020-07-10T08:53:33Z" finished-at="2020-07-10T08:53:33Z">
    <groups>
    </groups>
    <test name="Command line test" duration-ms="19" started-at="2020-07-10T08:53:33Z" finished-at="2020-07-10T08:53:33Z">
    </test> <!-- Command line test -->
  </suite> <!-- com.AppiumTestNGHybridFramework.AppTest -->
</testng-results>
